<?xml version="1.0" encoding="UTF-8"?>
<!-- Generated by org.testng.reporters.JUnitXMLReporter -->
<testsuite ignored="1" hostname="DESKTOP-U4BG2GH" failures="1" tests="14" name="Test" time="0.249" errors="0" timestamp="2024-07-08T20:35:46 IST">
  <testcase classname="testNG.TestNg4" name="a" time="0.009"/>
  <testcase classname="testNG.TestNG5" name="a" time="0.007"/>
  <testcase classname="testNG.TestNG5" name="b1" time="0.006">
    <failure type="java.lang.AssertionError" message="expected [true] but found [false]">
      <![CDATA[java.lang.AssertionError: expected [true] but found [false]
at testNG.TestNG5.b1(TestNG5.java:14)
at java.base/java.util.ArrayList.forEach(ArrayList.java:1541)
... Removed 31 stack frames]]>
    </failure>
  </testcase> <!-- b1 -->
  <testcase classname="testNG.TestNG5" name="b" time="0.0">
    <skipped/>
  </testcase> <!-- b -->
  <testcase classname="testNG.TestNg2" name="a" time="0.001"/>
  <testcase classname="testNG.TestNg2" name="a1" time="0.005"/>
  <testcase classname="testNG.TestNg2" name="b" time="0.007"/>
  <testcase classname="testNG.TestNg2" name="c" time="0.003"/>
  <testcase classname="testNG.TestNG3" name="a" time="0.002"/>
  <testcase classname="testNG.TestNG3" name="a1" time="0.002"/>
  <testcase classname="testNG.TestNG3" name="b" time="0.015"/>
  <testcase classname="testNG.TestNG3" name="c" time="0.002"/>
  <testcase classname="testNG.TestNgclass1" name="a" time="0.007"/>
  <testcase classname="testNG.TestNgclass1" name="h" time="0.005"/>
  <testcase classname="testNG.TestNg4" name="b" time="0.0">
    <ignored/>
  </testcase> <!-- b -->
</testsuite> <!-- Test -->
