<?xml version="1.0" encoding="UTF-8"?>
<testng-results ignored="1" total="15" passed="12" failed="1" skipped="1">
  <reporter-output>
  </reporter-output>
  <suite started-at="2024-07-08T20:35:45 IST" name="Suite" finished-at="2024-07-08T20:35:46 IST" duration-ms="249">
    <groups>
    </groups>
    <test started-at="2024-07-08T20:35:45 IST" name="Test" finished-at="2024-07-08T20:35:46 IST" duration-ms="249">
      <class name="testNG.TestNgclass1">
        <test-method is-config="true" signature="b()[pri:0, instance:testNG.TestNgclass1@3e11f9e9]" started-at="2024-07-08T20:35:45 IST" name="b" finished-at="2024-07-08T20:35:45 IST" duration-ms="29" status="PASS">
          <reporter-output>
          </reporter-output>
        </test-method> <!-- b -->
        <test-method is-config="true" signature="a1()[pri:0, instance:testNG.TestNgclass1@3e11f9e9]" started-at="2024-07-08T20:35:45 IST" name="a1" finished-at="2024-07-08T20:35:45 IST" duration-ms="1" status="PASS">
          <reporter-output>
          </reporter-output>
        </test-method> <!-- a1 -->
        <test-method is-config="true" signature="d()[pri:0, instance:testNG.TestNgclass1@3e11f9e9]" started-at="2024-07-08T20:35:46 IST" name="d" finished-at="2024-07-08T20:35:46 IST" duration-ms="0" status="PASS">
          <reporter-output>
          </reporter-output>
        </test-method> <!-- d -->
        <test-method is-config="true" signature="e()[pri:0, instance:testNG.TestNgclass1@3e11f9e9]" started-at="2024-07-08T20:35:46 IST" name="e" finished-at="2024-07-08T20:35:46 IST" duration-ms="1" status="PASS">
          <reporter-output>
          </reporter-output>
        </test-method> <!-- e -->
        <test-method signature="a()[pri:0, instance:testNG.TestNgclass1@3e11f9e9]" started-at="2024-07-08T20:35:46 IST" name="a" finished-at="2024-07-08T20:35:46 IST" duration-ms="7" status="PASS">
          <reporter-output>
          </reporter-output>
        </test-method> <!-- a -->
        <test-method is-config="true" signature="c()[pri:0, instance:testNG.TestNgclass1@3e11f9e9]" started-at="2024-07-08T20:35:46 IST" name="c" finished-at="2024-07-08T20:35:46 IST" duration-ms="1" status="PASS">
          <reporter-output>
          </reporter-output>
        </test-method> <!-- c -->
        <test-method is-config="true" signature="e()[pri:0, instance:testNG.TestNgclass1@3e11f9e9]" started-at="2024-07-08T20:35:46 IST" name="e" finished-at="2024-07-08T20:35:46 IST" duration-ms="5" status="PASS">
          <reporter-output>
          </reporter-output>
        </test-method> <!-- e -->
        <test-method signature="h()[pri:0, instance:testNG.TestNgclass1@3e11f9e9]" started-at="2024-07-08T20:35:46 IST" name="h" finished-at="2024-07-08T20:35:46 IST" duration-ms="5" status="PASS">
          <reporter-output>
          </reporter-output>
        </test-method> <!-- h -->
        <test-method is-config="true" signature="c()[pri:0, instance:testNG.TestNgclass1@3e11f9e9]" started-at="2024-07-08T20:35:46 IST" name="c" finished-at="2024-07-08T20:35:46 IST" duration-ms="0" status="PASS">
          <reporter-output>
          </reporter-output>
        </test-method> <!-- c -->
        <test-method is-config="true" signature="g()[pri:0, instance:testNG.TestNgclass1@3e11f9e9]" started-at="2024-07-08T20:35:46 IST" name="g" finished-at="2024-07-08T20:35:46 IST" duration-ms="0" status="PASS">
          <reporter-output>
          </reporter-output>
        </test-method> <!-- g -->
        <test-method is-config="true" signature="f()[pri:0, instance:testNG.TestNgclass1@3e11f9e9]" started-at="2024-07-08T20:35:46 IST" name="f" finished-at="2024-07-08T20:35:46 IST" duration-ms="2" status="PASS">
          <reporter-output>
          </reporter-output>
        </test-method> <!-- f -->
      </class> <!-- testNG.TestNgclass1 -->
      <class name="testNG.TestNG5">
        <test-method signature="a()[pri:0, instance:testNG.TestNG5@2f217633]" started-at="2024-07-08T20:35:45 IST" name="a" finished-at="2024-07-08T20:35:45 IST" duration-ms="7" status="PASS">
          <reporter-output>
          </reporter-output>
        </test-method> <!-- a -->
        <test-method signature="b1()[pri:0, instance:testNG.TestNG5@2f217633]" started-at="2024-07-08T20:35:45 IST" name="b1" finished-at="2024-07-08T20:35:45 IST" duration-ms="6" status="FAIL">
          <exception class="java.lang.AssertionError">
            <message>
              <![CDATA[expected [true] but found [false]]]>
            </message>
            <full-stacktrace>
              <![CDATA[java.lang.AssertionError: expected [true] but found [false]
at org.testng.Assert.fail(Assert.java:99)
at org.testng.Assert.failNotEquals(Assert.java:1037)
at org.testng.Assert.assertTrue(Assert.java:45)
at org.testng.Assert.assertTrue(Assert.java:55)
at testNG.TestNG5.b1(TestNG5.java:14)
at java.base/jdk.internal.reflect.NativeMethodAccessorImpl.invoke0(Native Method)
at java.base/jdk.internal.reflect.NativeMethodAccessorImpl.invoke(NativeMethodAccessorImpl.java:62)
at java.base/jdk.internal.reflect.DelegatingMethodAccessorImpl.invoke(DelegatingMethodAccessorImpl.java:43)
at java.base/java.lang.reflect.Method.invoke(Method.java:566)
at org.testng.internal.MethodInvocationHelper.invokeMethod(MethodInvocationHelper.java:133)
at org.testng.internal.TestInvoker.invokeMethod(TestInvoker.java:598)
at org.testng.internal.TestInvoker.invokeTestMethod(TestInvoker.java:173)
at org.testng.internal.MethodRunner.runInSequence(MethodRunner.java:46)
at org.testng.internal.TestInvoker$MethodInvocationAgent.invoke(TestInvoker.java:824)
at org.testng.internal.TestInvoker.invokeTestMethods(TestInvoker.java:146)
at org.testng.internal.TestMethodWorker.invokeTestMethods(TestMethodWorker.java:146)
at org.testng.internal.TestMethodWorker.run(TestMethodWorker.java:128)
at java.base/java.util.ArrayList.forEach(ArrayList.java:1541)
at org.testng.TestRunner.privateRun(TestRunner.java:794)
at org.testng.TestRunner.run(TestRunner.java:596)
at org.testng.SuiteRunner.runTest(SuiteRunner.java:377)
at org.testng.SuiteRunner.runSequentially(SuiteRunner.java:371)
at org.testng.SuiteRunner.privateRun(SuiteRunner.java:332)
at org.testng.SuiteRunner.run(SuiteRunner.java:276)
at org.testng.SuiteRunnerWorker.runSuite(SuiteRunnerWorker.java:53)
at org.testng.SuiteRunnerWorker.run(SuiteRunnerWorker.java:96)
at org.testng.TestNG.runSuitesSequentially(TestNG.java:1212)
at org.testng.TestNG.runSuitesLocally(TestNG.java:1134)
at org.testng.TestNG.runSuites(TestNG.java:1063)
at org.testng.TestNG.run(TestNG.java:1031)
at org.testng.remote.AbstractRemoteTestNG.run(AbstractRemoteTestNG.java:115)
at org.testng.remote.RemoteTestNG.initAndRun(RemoteTestNG.java:293)
at org.testng.remote.RemoteTestNG.main(RemoteTestNG.java:91)
]]>
            </full-stacktrace>
          </exception> <!-- java.lang.AssertionError -->
          <reporter-output>
          </reporter-output>
        </test-method> <!-- b1 -->
        <test-method signature="b()[pri:0, instance:testNG.TestNG5@2f217633]" started-at="2024-07-08T20:35:45 IST" name="b" finished-at="2024-07-08T20:35:45 IST" depends-on-methods="testNG.TestNG5.a, testNG.TestNG5.b1" duration-ms="0" status="SKIP">
          <exception class="java.lang.Throwable">
            <message>
              <![CDATA[Method TestNG5.b()[pri:0, instance:testNG.TestNG5@2f217633] depends on not successfully finished methods]]>
            </message>
            <full-stacktrace>
              <![CDATA[java.lang.Throwable: Method TestNG5.b()[pri:0, instance:testNG.TestNG5@2f217633] depends on not successfully finished methods
at org.testng.internal.TestInvoker.invokeTestMethods(TestInvoker.java:102)
at org.testng.internal.TestMethodWorker.invokeTestMethods(TestMethodWorker.java:146)
at org.testng.internal.TestMethodWorker.run(TestMethodWorker.java:128)
at java.base/java.util.ArrayList.forEach(ArrayList.java:1541)
at org.testng.TestRunner.privateRun(TestRunner.java:794)
at org.testng.TestRunner.run(TestRunner.java:596)
at org.testng.SuiteRunner.runTest(SuiteRunner.java:377)
at org.testng.SuiteRunner.runSequentially(SuiteRunner.java:371)
at org.testng.SuiteRunner.privateRun(SuiteRunner.java:332)
at org.testng.SuiteRunner.run(SuiteRunner.java:276)
at org.testng.SuiteRunnerWorker.runSuite(SuiteRunnerWorker.java:53)
at org.testng.SuiteRunnerWorker.run(SuiteRunnerWorker.java:96)
at org.testng.TestNG.runSuitesSequentially(TestNG.java:1212)
at org.testng.TestNG.runSuitesLocally(TestNG.java:1134)
at org.testng.TestNG.runSuites(TestNG.java:1063)
at org.testng.TestNG.run(TestNG.java:1031)
at org.testng.remote.AbstractRemoteTestNG.run(AbstractRemoteTestNG.java:115)
at org.testng.remote.RemoteTestNG.initAndRun(RemoteTestNG.java:293)
at org.testng.remote.RemoteTestNG.main(RemoteTestNG.java:91)
]]>
            </full-stacktrace>
          </exception> <!-- java.lang.Throwable -->
          <reporter-output>
          </reporter-output>
        </test-method> <!-- b -->
      </class> <!-- testNG.TestNG5 -->
      <class name="testNG.TestNg4">
        <test-method signature="a()[pri:0, instance:testNG.TestNg4@16a0ee18]" started-at="2024-07-08T20:35:45 IST" name="a" finished-at="2024-07-08T20:35:45 IST" duration-ms="9" status="PASS">
          <reporter-output>
          </reporter-output>
        </test-method> <!-- a -->
      </class> <!-- testNG.TestNg4 -->
      <class name="testNG.TestNG3">
        <test-method signature="a()[pri:0, instance:testNG.TestNG3@7e7be63f]" started-at="2024-07-08T20:35:45 IST" name="a" finished-at="2024-07-08T20:35:45 IST" duration-ms="2" status="PASS">
          <reporter-output>
          </reporter-output>
        </test-method> <!-- a -->
        <test-method signature="a1()[pri:0, instance:testNG.TestNG3@7e7be63f]" started-at="2024-07-08T20:35:45 IST" name="a1" finished-at="2024-07-08T20:35:45 IST" duration-ms="2" status="PASS">
          <reporter-output>
          </reporter-output>
        </test-method> <!-- a1 -->
        <test-method signature="b()[pri:0, instance:testNG.TestNG3@7e7be63f]" started-at="2024-07-08T20:35:45 IST" name="b" finished-at="2024-07-08T20:35:45 IST" duration-ms="15" status="PASS">
          <reporter-output>
          </reporter-output>
        </test-method> <!-- b -->
        <test-method signature="c()[pri:0, instance:testNG.TestNG3@7e7be63f]" started-at="2024-07-08T20:35:45 IST" name="c" finished-at="2024-07-08T20:35:46 IST" duration-ms="2" status="PASS">
          <reporter-output>
          </reporter-output>
        </test-method> <!-- c -->
      </class> <!-- testNG.TestNG3 -->
      <class name="testNG.TestNg2">
        <test-method signature="a()[pri:0, instance:testNG.TestNg2@5acf93bb]" started-at="2024-07-08T20:35:45 IST" name="a" finished-at="2024-07-08T20:35:45 IST" duration-ms="1" status="PASS">
          <reporter-output>
          </reporter-output>
        </test-method> <!-- a -->
        <test-method signature="a1()[pri:0, instance:testNG.TestNg2@5acf93bb]" started-at="2024-07-08T20:35:45 IST" name="a1" finished-at="2024-07-08T20:35:45 IST" duration-ms="5" status="PASS">
          <reporter-output>
          </reporter-output>
        </test-method> <!-- a1 -->
        <test-method signature="b()[pri:0, instance:testNG.TestNg2@5acf93bb]" started-at="2024-07-08T20:35:45 IST" name="b" finished-at="2024-07-08T20:35:45 IST" duration-ms="7" status="PASS">
          <reporter-output>
          </reporter-output>
        </test-method> <!-- b -->
        <test-method signature="c()[pri:0, instance:testNG.TestNg2@5acf93bb]" started-at="2024-07-08T20:35:45 IST" name="c" finished-at="2024-07-08T20:35:45 IST" duration-ms="3" status="PASS">
          <reporter-output>
          </reporter-output>
        </test-method> <!-- c -->
      </class> <!-- testNG.TestNg2 -->
    </test> <!-- Test -->
  </suite> <!-- Suite -->
</testng-results>
